<?xml version="1.0" encoding="UTF-8"?>
<robot generator="Robot 7.1 (Python 3.10.4 on win32)" generated="2024-09-19T09:40:53.005124" rpa="false" schemaversion="5">
<suite id="s1" name="Assignment" source="E:\Assignment">
<suite id="s1-s1" name="Assignment18" source="E:\Assignment\Assignment18.robot">
<kw name="Log To Console" owner="BuiltIn" type="SETUP">
<arg>Suite is starting</arg>
<doc>Logs the given message to the console.</doc>
<status status="PASS" start="2024-09-19T09:40:53.343699" elapsed="0.000978"/>
</kw>
<test id="s1-s1-t1" name="Test 1" line="7">
<kw name="Log To Console" owner="BuiltIn">
<arg>Running Test 1</arg>
<doc>Logs the given message to the console.</doc>
<status status="PASS" start="2024-09-19T09:40:53.345651" elapsed="0.000975"/>
</kw>
<status status="PASS" start="2024-09-19T09:40:53.344677" elapsed="0.001949"/>
</test>
<test id="s1-s1-t2" name="Test 2" line="10">
<kw name="Log To Console" owner="BuiltIn">
<arg>Running Test 2</arg>
<doc>Logs the given message to the console.</doc>
<status status="PASS" start="2024-09-19T09:40:53.347602" elapsed="0.000000"/>
</kw>
<status status="PASS" start="2024-09-19T09:40:53.346626" elapsed="0.000976"/>
</test>
<kw name="Log To Console" owner="BuiltIn" type="TEARDOWN">
<arg>Suite is ending</arg>
<doc>Logs the given message to the console.</doc>
<status status="PASS" start="2024-09-19T09:40:53.348579" elapsed="0.000976"/>
</kw>
<status status="PASS" start="2024-09-19T09:40:53.046088" elapsed="0.303467"/>
</suite>
<status status="PASS" start="2024-09-19T09:40:53.020713" elapsed="0.329817"/>
</suite>
<statistics>
<total>
<stat pass="2" fail="0" skip="0">All Tests</stat>
</total>
<tag>
</tag>
<suite>
<stat pass="2" fail="0" skip="0" id="s1" name="Assignment">Assignment</stat>
<stat pass="2" fail="0" skip="0" id="s1-s1" name="Assignment18">Assignment.Assignment18</stat>
</suite>
</statistics>
<errors>
<msg time="2024-09-19T09:40:52.998264" level="WARN">Error in file 'E:\Assignment\Assignment9.robot' on line 13: The '[Return]' setting is deprecated. Use the 'RETURN' statement instead.</msg>
</errors>
</robot>
