<?xml version="1.0" encoding="UTF-8"?>
<robot generator="Robot 7.1 (Python 3.10.4 on win32)" generated="2024-09-19T09:40:57.956608" rpa="false" schemaversion="5">
<suite id="s1" name="Assignment" source="E:\Assignment">
<suite id="s1-s1" name="Assignment8" source="E:\Assignment\Assignment8.robot">
<test id="s1-s1-t1" name="Test Read Data2" line="6">
<kw name="Read data from yaml2">
<kw name="Open Browser" owner="SeleniumLibrary">
<msg time="2024-09-19T09:40:58.284545" level="INFO">Opening browser 'chrome' to base url 'https://www.melivecode.com/login/login.html'.</msg>
<arg>${app_url}</arg>
<arg>chrome</arg>
<doc>Opens a new browser instance to the optional ``url``.</doc>
<status status="PASS" start="2024-09-19T09:40:58.284545" elapsed="2.184000"/>
</kw>
<kw name="Input Text" owner="SeleniumLibrary">
<msg time="2024-09-19T09:41:00.469520" level="INFO">Typing text 'karn.yong@melivecode.com' into text field 'username'.</msg>
<arg>username</arg>
<arg>${credentials.username}</arg>
<doc>Types the given ``text`` into the text field identified by ``locator``.</doc>
<status status="PASS" start="2024-09-19T09:41:00.468545" elapsed="0.120048"/>
</kw>
<kw name="Input Text" owner="SeleniumLibrary">
<msg time="2024-09-19T09:41:00.590547" level="INFO">Typing text 'melivecode' into text field 'password'.</msg>
<arg>password</arg>
<arg>${credentials.password}</arg>
<doc>Types the given ``text`` into the text field identified by ``locator``.</doc>
<status status="PASS" start="2024-09-19T09:41:00.588593" elapsed="0.110799"/>
</kw>
<status status="PASS" start="2024-09-19T09:40:58.283570" elapsed="2.415822"/>
</kw>
<status status="PASS" start="2024-09-19T09:40:58.281617" elapsed="2.418752"/>
</test>
<status status="PASS" start="2024-09-19T09:40:57.989794" elapsed="2.711551"/>
</suite>
<status status="PASS" start="2024-09-19T09:40:57.969297" elapsed="2.733024"/>
</suite>
<statistics>
<total>
<stat pass="1" fail="0" skip="0">All Tests</stat>
</total>
<tag>
</tag>
<suite>
<stat pass="1" fail="0" skip="0" id="s1" name="Assignment">Assignment</stat>
<stat pass="1" fail="0" skip="0" id="s1-s1" name="Assignment8">Assignment.Assignment8</stat>
</suite>
</statistics>
<errors>
<msg time="2024-09-19T09:40:57.950753" level="WARN">Error in file 'E:\Assignment\Assignment9.robot' on line 13: The '[Return]' setting is deprecated. Use the 'RETURN' statement instead.</msg>
</errors>
</robot>
