<?xml version="1.0" encoding="UTF-8"?>
<robot generator="Robot 7.1 (Python 3.10.4 on win32)" generated="2024-09-19T09:40:53.084152" rpa="false" schemaversion="5">
<suite id="s1" name="Assignment" source="E:\Assignment">
<suite id="s1-s1" name="Assignment2" source="E:\Assignment\Assignment2.robot">
<test id="s1-s1-t1" name="Print Fruits Test Case" line="8">
<kw name="Print Fruits">
<for flavor="IN">
<iter>
<kw name="Log" owner="BuiltIn">
<msg time="2024-09-19T09:40:53.435686" level="INFO">apple</msg>
<arg>${fruit}</arg>
<doc>Logs the given message with the given level.</doc>
<status status="PASS" start="2024-09-19T09:40:53.434710" elapsed="0.000976"/>
</kw>
<var name="${fruit}">apple</var>
<status status="PASS" start="2024-09-19T09:40:53.433734" elapsed="0.001952"/>
</iter>
<iter>
<kw name="Log" owner="BuiltIn">
<msg time="2024-09-19T09:40:53.436663" level="INFO">banana</msg>
<arg>${fruit}</arg>
<doc>Logs the given message with the given level.</doc>
<status status="PASS" start="2024-09-19T09:40:53.435686" elapsed="0.000977"/>
</kw>
<var name="${fruit}">banana</var>
<status status="PASS" start="2024-09-19T09:40:53.435686" elapsed="0.000977"/>
</iter>
<iter>
<kw name="Log" owner="BuiltIn">
<msg time="2024-09-19T09:40:53.437639" level="INFO">cherry</msg>
<arg>${fruit}</arg>
<doc>Logs the given message with the given level.</doc>
<status status="PASS" start="2024-09-19T09:40:53.437639" elapsed="0.000000"/>
</kw>
<var name="${fruit}">cherry</var>
<status status="PASS" start="2024-09-19T09:40:53.436663" elapsed="0.000976"/>
</iter>
<var>${fruit}</var>
<value>@{fruits}</value>
<status status="PASS" start="2024-09-19T09:40:53.433734" elapsed="0.003905"/>
</for>
<arg>@{fruits}</arg>
<status status="PASS" start="2024-09-19T09:40:53.432758" elapsed="0.004881"/>
</kw>
<status status="PASS" start="2024-09-19T09:40:53.431782" elapsed="0.006833"/>
</test>
<status status="PASS" start="2024-09-19T09:40:53.123192" elapsed="0.315423"/>
</suite>
<status status="PASS" start="2024-09-19T09:40:53.097817" elapsed="0.341773"/>
</suite>
<statistics>
<total>
<stat pass="1" fail="0" skip="0">All Tests</stat>
</total>
<tag>
</tag>
<suite>
<stat pass="1" fail="0" skip="0" id="s1" name="Assignment">Assignment</stat>
<stat pass="1" fail="0" skip="0" id="s1-s1" name="Assignment2">Assignment.Assignment2</stat>
</suite>
</statistics>
<errors>
<msg time="2024-09-19T09:40:53.077320" level="WARN">Error in file 'E:\Assignment\Assignment9.robot' on line 13: The '[Return]' setting is deprecated. Use the 'RETURN' statement instead.</msg>
</errors>
</robot>
