<?xml version="1.0" encoding="UTF-8"?>
<robot generator="Robot 7.1 (Python 3.10.4 on win32)" generated="2024-09-19T09:40:55.571041" rpa="false" schemaversion="5">
<suite id="s1" name="Assignment" source="E:\Assignment">
<suite id="s1-s1" name="Assignment23" source="E:\Assignment\Assignment23.robot">
<test id="s1-s1-t1" name="Parallel Test 1" line="5">
<kw name="Log" owner="BuiltIn">
<msg time="2024-09-19T09:40:55.909713" level="INFO">Running Test 1</msg>
<arg>Running Test 1</arg>
<doc>Logs the given message with the given level.</doc>
<status status="PASS" start="2024-09-19T09:40:55.908737" elapsed="0.000976"/>
</kw>
<status status="PASS" start="2024-09-19T09:40:55.907762" elapsed="0.001951"/>
</test>
<test id="s1-s1-t2" name="Parallel Test 2" line="8">
<kw name="Log" owner="BuiltIn">
<msg time="2024-09-19T09:40:55.912642" level="INFO">Running Test 2</msg>
<arg>Running Test 2</arg>
<doc>Logs the given message with the given level.</doc>
<status status="PASS" start="2024-09-19T09:40:55.911668" elapsed="0.000974"/>
</kw>
<status status="PASS" start="2024-09-19T09:40:55.909713" elapsed="0.003904"/>
</test>
<test id="s1-s1-t3" name="Parallel Test 3" line="11">
<kw name="Log" owner="BuiltIn">
<msg time="2024-09-19T09:40:55.916546" level="INFO">Running Test 3</msg>
<arg>Running Test 3</arg>
<doc>Logs the given message with the given level.</doc>
<status status="PASS" start="2024-09-19T09:40:55.915569" elapsed="0.000977"/>
</kw>
<status status="PASS" start="2024-09-19T09:40:55.915569" elapsed="0.000977"/>
</test>
<status status="PASS" start="2024-09-19T09:40:55.613010" elapsed="0.304511"/>
</suite>
<status status="PASS" start="2024-09-19T09:40:55.584706" elapsed="0.332815"/>
</suite>
<statistics>
<total>
<stat pass="3" fail="0" skip="0">All Tests</stat>
</total>
<tag>
</tag>
<suite>
<stat pass="3" fail="0" skip="0" id="s1" name="Assignment">Assignment</stat>
<stat pass="3" fail="0" skip="0" id="s1-s1" name="Assignment23">Assignment.Assignment23</stat>
</suite>
</statistics>
<errors>
<msg time="2024-09-19T09:40:55.564210" level="WARN">Error in file 'E:\Assignment\Assignment9.robot' on line 13: The '[Return]' setting is deprecated. Use the 'RETURN' statement instead.</msg>
</errors>
</robot>
