<?xml version="1.0" encoding="UTF-8"?>
<robot generator="Robot 7.1 (Python 3.10.4 on win32)" generated="2024-09-19T09:40:50.753044" rpa="false" schemaversion="5">
<suite id="s1" name="Assignment" source="E:\Assignment">
<suite id="s1-s1" name="Assignment1" source="E:\Assignment\Assignment1.robot">
<test id="s1-s1-t1" name="Validate Age Test Case" line="5">
<kw name="Validate Age">
<kw name="Run Keyword If" owner="BuiltIn">
<kw name="Log To Console" owner="BuiltIn">
<arg>Not eligible for voting</arg>
<doc>Logs the given message to the console.</doc>
<status status="PASS" start="2024-09-19T09:40:51.108823" elapsed="0.000000"/>
</kw>
<arg>${age} &gt; 18</arg>
<arg>Log To Console</arg>
<arg>Eligible for voting</arg>
<arg>ELSE</arg>
<arg>Log To Console</arg>
<arg>Not eligible for voting</arg>
<doc>Runs the given keyword with the given arguments, if ``condition`` is true.</doc>
<status status="PASS" start="2024-09-19T09:40:51.107845" elapsed="0.000978"/>
</kw>
<arg>16</arg>
<status status="PASS" start="2024-09-19T09:40:51.105893" elapsed="0.003906"/>
</kw>
<kw name="Validate Age">
<kw name="Run Keyword If" owner="BuiltIn">
<kw name="Log To Console" owner="BuiltIn">
<arg>Eligible for voting</arg>
<doc>Logs the given message to the console.</doc>
<status status="PASS" start="2024-09-19T09:40:51.110773" elapsed="0.000000"/>
</kw>
<arg>${age} &gt; 18</arg>
<arg>Log To Console</arg>
<arg>Eligible for voting</arg>
<arg>ELSE</arg>
<arg>Log To Console</arg>
<arg>Not eligible for voting</arg>
<doc>Runs the given keyword with the given arguments, if ``condition`` is true.</doc>
<status status="PASS" start="2024-09-19T09:40:51.109799" elapsed="0.001951"/>
</kw>
<arg>20</arg>
<status status="PASS" start="2024-09-19T09:40:51.109799" elapsed="0.001951"/>
</kw>
<status status="PASS" start="2024-09-19T09:40:51.103941" elapsed="0.007809"/>
</test>
<status status="PASS" start="2024-09-19T09:40:50.801847" elapsed="0.310879"/>
</suite>
<status status="PASS" start="2024-09-19T09:40:50.776470" elapsed="0.338208"/>
</suite>
<statistics>
<total>
<stat pass="1" fail="0" skip="0">All Tests</stat>
</total>
<tag>
</tag>
<suite>
<stat pass="1" fail="0" skip="0" id="s1" name="Assignment">Assignment</stat>
<stat pass="1" fail="0" skip="0" id="s1-s1" name="Assignment1">Assignment.Assignment1</stat>
</suite>
</statistics>
<errors>
<msg time="2024-09-19T09:40:50.746214" level="WARN">Error in file 'E:\Assignment\Assignment9.robot' on line 13: The '[Return]' setting is deprecated. Use the 'RETURN' statement instead.</msg>
</errors>
</robot>
