<?xml version="1.0" encoding="UTF-8"?>
<robot generator="Robot 7.1 (Python 3.10.4 on win32)" generated="2024-09-19T09:40:50.740356" rpa="false" schemaversion="5">
<suite id="s1" name="Assignment" source="E:\Assignment">
<suite id="s1-s1" name="Assignment12" source="E:\Assignment\Assignment12.robot">
<test id="s1-s1-t1" name="Age Verification" line="5">
<kw name="Set Variable" owner="BuiltIn">
<msg time="2024-09-19T09:40:51.105893" level="INFO">${age} = 20</msg>
<var>${age}</var>
<arg>20</arg>
<doc>Returns the given values which can then be assigned to a variables.</doc>
<status status="PASS" start="2024-09-19T09:40:51.104917" elapsed="0.000976"/>
</kw>
<kw name="Run Keyword If" owner="BuiltIn">
<kw name="Log To Console" owner="BuiltIn">
<arg>You are an adult</arg>
<doc>Logs the given message to the console.</doc>
<status status="PASS" start="2024-09-19T09:40:51.107845" elapsed="0.000000"/>
</kw>
<arg>${age} &gt; 18</arg>
<arg>Log To Console</arg>
<arg>You are an adult</arg>
<arg>ELSE IF</arg>
<arg>${age} == 18</arg>
<arg>Log To Console</arg>
<arg>You just became an adult</arg>
<arg>ELSE</arg>
<arg>Log To Console</arg>
<arg>You are underage</arg>
<doc>Runs the given keyword with the given arguments, if ``condition`` is true.</doc>
<status status="PASS" start="2024-09-19T09:40:51.106871" elapsed="0.001952"/>
</kw>
<status status="PASS" start="2024-09-19T09:40:51.101990" elapsed="0.006833"/>
</test>
<status status="PASS" start="2024-09-19T09:40:50.786229" elapsed="0.323570"/>
</suite>
<status status="PASS" start="2024-09-19T09:40:50.756948" elapsed="0.353825"/>
</suite>
<statistics>
<total>
<stat pass="1" fail="0" skip="0">All Tests</stat>
</total>
<tag>
</tag>
<suite>
<stat pass="1" fail="0" skip="0" id="s1" name="Assignment">Assignment</stat>
<stat pass="1" fail="0" skip="0" id="s1-s1" name="Assignment12">Assignment.Assignment12</stat>
</suite>
</statistics>
<errors>
<msg time="2024-09-19T09:40:50.735475" level="WARN">Error in file 'E:\Assignment\Assignment9.robot' on line 13: The '[Return]' setting is deprecated. Use the 'RETURN' statement instead.</msg>
</errors>
</robot>
