<?xml version="1.0" encoding="UTF-8"?>
<robot generator="Robot 7.1 (Python 3.10.4 on win32)" generated="2024-09-19T09:40:51.874552" rpa="false" schemaversion="5">
<suite id="s1" name="Assignment" source="E:\Assignment">
<suite id="s1-s1" name="Assignment13" source="E:\Assignment\Assignment13.robot">
<test id="s1-s1-t1" name="Print Fruit List" line="5">
<kw name="Create List" owner="BuiltIn">
<msg time="2024-09-19T09:40:52.207367" level="INFO">@{fruits} = [ apple | banana | cherry ]</msg>
<var>@{fruits}</var>
<arg>apple</arg>
<arg>banana</arg>
<arg>cherry</arg>
<doc>Returns a list containing given items.</doc>
<status status="PASS" start="2024-09-19T09:40:52.206392" elapsed="0.000975"/>
</kw>
<for flavor="IN">
<iter>
<kw name="Log To Console" owner="BuiltIn">
<arg>${fruit}</arg>
<doc>Logs the given message to the console.</doc>
<status status="PASS" start="2024-09-19T09:40:52.208344" elapsed="0.000000"/>
</kw>
<var name="${fruit}">apple</var>
<status status="PASS" start="2024-09-19T09:40:52.208344" elapsed="0.000977"/>
</iter>
<iter>
<kw name="Log To Console" owner="BuiltIn">
<arg>${fruit}</arg>
<doc>Logs the given message to the console.</doc>
<status status="PASS" start="2024-09-19T09:40:52.209321" elapsed="0.000000"/>
</kw>
<var name="${fruit}">banana</var>
<status status="PASS" start="2024-09-19T09:40:52.209321" elapsed="0.000000"/>
</iter>
<iter>
<kw name="Log To Console" owner="BuiltIn">
<arg>${fruit}</arg>
<doc>Logs the given message to the console.</doc>
<status status="PASS" start="2024-09-19T09:40:52.210296" elapsed="0.000000"/>
</kw>
<var name="${fruit}">cherry</var>
<status status="PASS" start="2024-09-19T09:40:52.209321" elapsed="0.000975"/>
</iter>
<var>${fruit}</var>
<value>@{fruits}</value>
<status status="PASS" start="2024-09-19T09:40:52.207367" elapsed="0.002929"/>
</for>
<status status="PASS" start="2024-09-19T09:40:52.204441" elapsed="0.005855"/>
</test>
<status status="PASS" start="2024-09-19T09:40:51.916521" elapsed="0.294751"/>
</suite>
<status status="PASS" start="2024-09-19T09:40:51.890169" elapsed="0.322079"/>
</suite>
<statistics>
<total>
<stat pass="1" fail="0" skip="0">All Tests</stat>
</total>
<tag>
</tag>
<suite>
<stat pass="1" fail="0" skip="0" id="s1" name="Assignment">Assignment</stat>
<stat pass="1" fail="0" skip="0" id="s1-s1" name="Assignment13">Assignment.Assignment13</stat>
</suite>
</statistics>
<errors>
<msg time="2024-09-19T09:40:51.868696" level="WARN">Error in file 'E:\Assignment\Assignment9.robot' on line 13: The '[Return]' setting is deprecated. Use the 'RETURN' statement instead.</msg>
</errors>
</robot>
