<?xml version="1.0" encoding="UTF-8"?>
<robot generator="Robot 7.1 (Python 3.10.4 on win32)" generated="2024-09-19T09:40:55.613010" rpa="false" schemaversion="5">
<suite id="s1" name="Assignment" source="E:\Assignment">
<suite id="s1-s1" name="Assignment24" source="E:\Assignment\Assignment24.robot">
<test id="s1-s1-t1" name="Parallel Test 1" line="5">
<kw name="Log" owner="BuiltIn">
<msg time="2024-09-19T09:40:55.950705" level="INFO">Running Test 1</msg>
<arg>Running Test 1</arg>
<doc>Logs the given message with the given level.</doc>
<status status="PASS" start="2024-09-19T09:40:55.949729" elapsed="0.000976"/>
</kw>
<status status="PASS" start="2024-09-19T09:40:55.948753" elapsed="0.001952"/>
</test>
<test id="s1-s1-t2" name="Parallel Test 2" line="8">
<kw name="Log To Console" owner="BuiltIn">
<arg>Running Test 2</arg>
<doc>Logs the given message to the console.</doc>
<status status="PASS" start="2024-09-19T09:40:55.951682" elapsed="0.000978"/>
</kw>
<status status="PASS" start="2024-09-19T09:40:55.951682" elapsed="0.001956"/>
</test>
<test id="s1-s1-t3" name="Parallel Test 3" line="11">
<kw name="Log" owner="BuiltIn">
<msg time="2024-09-19T09:40:55.956562" level="INFO">Running Test 3</msg>
<arg>Running Test 3</arg>
<doc>Logs the given message with the given level.</doc>
<status status="PASS" start="2024-09-19T09:40:55.955587" elapsed="0.000975"/>
</kw>
<status status="PASS" start="2024-09-19T09:40:55.954610" elapsed="0.001952"/>
</test>
<status status="PASS" start="2024-09-19T09:40:55.654001" elapsed="0.303537"/>
</suite>
<status status="PASS" start="2024-09-19T09:40:55.627649" elapsed="0.330864"/>
</suite>
<statistics>
<total>
<stat pass="3" fail="0" skip="0">All Tests</stat>
</total>
<tag>
</tag>
<suite>
<stat pass="3" fail="0" skip="0" id="s1" name="Assignment">Assignment</stat>
<stat pass="3" fail="0" skip="0" id="s1-s1" name="Assignment24">Assignment.Assignment24</stat>
</suite>
</statistics>
<errors>
<msg time="2024-09-19T09:40:55.605201" level="WARN">Error in file 'E:\Assignment\Assignment9.robot' on line 13: The '[Return]' setting is deprecated. Use the 'RETURN' statement instead.</msg>
</errors>
</robot>
