<?xml version="1.0" encoding="UTF-8"?>
<robot generator="Robot 7.1 (Python 3.10.4 on win32)" generated="2024-09-19T09:40:51.870648" rpa="false" schemaversion="5">
<suite id="s1" name="Assignment" source="E:\Assignment">
<suite id="s1-s1" name="Assignment14" source="E:\Assignment\Assignment14.robot">
<test id="s1-s1-t1" name="Loop Control Example" line="5">
<for flavor="IN RANGE">
<iter>
<kw name="Run Keyword If" owner="BuiltIn">
<arg>${number} == 5</arg>
<arg>Exit For Loop</arg>
<doc>Runs the given keyword with the given arguments, if ``condition`` is true.</doc>
<status status="PASS" start="2024-09-19T09:40:52.212248" elapsed="0.000976"/>
</kw>
<kw name="Run Keyword If" owner="BuiltIn">
<arg>${number} == 3</arg>
<arg>Continue For Loop</arg>
<doc>Runs the given keyword with the given arguments, if ``condition`` is true.</doc>
<status status="PASS" start="2024-09-19T09:40:52.213224" elapsed="0.000000"/>
</kw>
<kw name="Log To Console" owner="BuiltIn">
<arg>${number}</arg>
<doc>Logs the given message to the console.</doc>
<status status="PASS" start="2024-09-19T09:40:52.214202" elapsed="0.000000"/>
</kw>
<var name="${number}">1</var>
<status status="PASS" start="2024-09-19T09:40:52.211272" elapsed="0.002930"/>
</iter>
<iter>
<kw name="Run Keyword If" owner="BuiltIn">
<arg>${number} == 5</arg>
<arg>Exit For Loop</arg>
<doc>Runs the given keyword with the given arguments, if ``condition`` is true.</doc>
<status status="PASS" start="2024-09-19T09:40:52.215179" elapsed="0.000000"/>
</kw>
<kw name="Run Keyword If" owner="BuiltIn">
<arg>${number} == 3</arg>
<arg>Continue For Loop</arg>
<doc>Runs the given keyword with the given arguments, if ``condition`` is true.</doc>
<status status="PASS" start="2024-09-19T09:40:52.215179" elapsed="0.000000"/>
</kw>
<kw name="Log To Console" owner="BuiltIn">
<arg>${number}</arg>
<doc>Logs the given message to the console.</doc>
<status status="PASS" start="2024-09-19T09:40:52.216154" elapsed="0.000000"/>
</kw>
<var name="${number}">2</var>
<status status="PASS" start="2024-09-19T09:40:52.214202" elapsed="0.001952"/>
</iter>
<iter>
<kw name="Run Keyword If" owner="BuiltIn">
<arg>${number} == 5</arg>
<arg>Exit For Loop</arg>
<doc>Runs the given keyword with the given arguments, if ``condition`` is true.</doc>
<status status="PASS" start="2024-09-19T09:40:52.217131" elapsed="0.000000"/>
</kw>
<kw name="Run Keyword If" owner="BuiltIn">
<kw name="Continue For Loop" owner="BuiltIn">
<msg time="2024-09-19T09:40:52.218106" level="INFO">Continuing for loop from the next iteration.</msg>
<doc>Skips the current FOR loop iteration and continues from the next.</doc>
<status status="PASS" start="2024-09-19T09:40:52.218106" elapsed="0.000000"/>
</kw>
<arg>${number} == 3</arg>
<arg>Continue For Loop</arg>
<doc>Runs the given keyword with the given arguments, if ``condition`` is true.</doc>
<status status="PASS" start="2024-09-19T09:40:52.217131" elapsed="0.000975"/>
</kw>
<kw name="Log To Console" owner="BuiltIn">
<arg>${number}</arg>
<doc>Logs the given message to the console.</doc>
<status status="NOT RUN" start="2024-09-19T09:40:52.219080" elapsed="0.000000"/>
</kw>
<var name="${number}">3</var>
<status status="PASS" start="2024-09-19T09:40:52.216154" elapsed="0.002926"/>
</iter>
<iter>
<kw name="Run Keyword If" owner="BuiltIn">
<arg>${number} == 5</arg>
<arg>Exit For Loop</arg>
<doc>Runs the given keyword with the given arguments, if ``condition`` is true.</doc>
<status status="PASS" start="2024-09-19T09:40:52.220056" elapsed="0.000976"/>
</kw>
<kw name="Run Keyword If" owner="BuiltIn">
<arg>${number} == 3</arg>
<arg>Continue For Loop</arg>
<doc>Runs the given keyword with the given arguments, if ``condition`` is true.</doc>
<status status="PASS" start="2024-09-19T09:40:52.221032" elapsed="0.000000"/>
</kw>
<kw name="Log To Console" owner="BuiltIn">
<arg>${number}</arg>
<doc>Logs the given message to the console.</doc>
<status status="PASS" start="2024-09-19T09:40:52.221032" elapsed="0.000978"/>
</kw>
<var name="${number}">4</var>
<status status="PASS" start="2024-09-19T09:40:52.220056" elapsed="0.001954"/>
</iter>
<iter>
<kw name="Run Keyword If" owner="BuiltIn">
<kw name="Exit For Loop" owner="BuiltIn">
<msg time="2024-09-19T09:40:52.223961" level="INFO">Exiting for loop altogether.</msg>
<doc>Stops executing the enclosing FOR loop.</doc>
<status status="PASS" start="2024-09-19T09:40:52.222985" elapsed="0.000976"/>
</kw>
<arg>${number} == 5</arg>
<arg>Exit For Loop</arg>
<doc>Runs the given keyword with the given arguments, if ``condition`` is true.</doc>
<status status="PASS" start="2024-09-19T09:40:52.222985" elapsed="0.000976"/>
</kw>
<kw name="Run Keyword If" owner="BuiltIn">
<arg>${number} == 3</arg>
<arg>Continue For Loop</arg>
<doc>Runs the given keyword with the given arguments, if ``condition`` is true.</doc>
<status status="NOT RUN" start="2024-09-19T09:40:52.223961" elapsed="0.000000"/>
</kw>
<kw name="Log To Console" owner="BuiltIn">
<arg>${number}</arg>
<doc>Logs the given message to the console.</doc>
<status status="NOT RUN" start="2024-09-19T09:40:52.224938" elapsed="0.000000"/>
</kw>
<var name="${number}">5</var>
<status status="PASS" start="2024-09-19T09:40:52.222010" elapsed="0.002928"/>
</iter>
<var>${number}</var>
<value>1</value>
<value>10</value>
<status status="PASS" start="2024-09-19T09:40:52.211272" elapsed="0.013666"/>
</for>
<status status="PASS" start="2024-09-19T09:40:52.210296" elapsed="0.014642"/>
</test>
<status status="PASS" start="2024-09-19T09:40:51.908713" elapsed="0.317200"/>
</suite>
<status status="PASS" start="2024-09-19T09:40:51.885288" elapsed="0.341600"/>
</suite>
<statistics>
<total>
<stat pass="1" fail="0" skip="0">All Tests</stat>
</total>
<tag>
</tag>
<suite>
<stat pass="1" fail="0" skip="0" id="s1" name="Assignment">Assignment</stat>
<stat pass="1" fail="0" skip="0" id="s1-s1" name="Assignment14">Assignment.Assignment14</stat>
</suite>
</statistics>
<errors>
<msg time="2024-09-19T09:40:51.863818" level="WARN">Error in file 'E:\Assignment\Assignment9.robot' on line 13: The '[Return]' setting is deprecated. Use the 'RETURN' statement instead.</msg>
</errors>
</robot>
