<?xml version="1.0" encoding="UTF-8"?>
<robot generator="Robot 7.1 (Python 3.10.4 on win32)" generated="2024-09-19T09:40:56.855678" rpa="false" schemaversion="5">
<suite id="s1" name="Assignment" source="E:\Assignment">
<suite id="s1-s1" name="Assignment4" source="E:\Assignment\Assignment4.robot">
<test id="s1-s1-t1" name="Test Greet User Without Name" line="5">
<kw name="Greet User">
<kw name="Log" owner="BuiltIn">
<msg time="2024-09-19T09:40:57.187521" level="INFO">Hello, Guest</msg>
<arg>Hello, ${name}</arg>
<doc>Logs the given message with the given level.</doc>
<status status="PASS" start="2024-09-19T09:40:57.187521" elapsed="0.000000"/>
</kw>
<status status="PASS" start="2024-09-19T09:40:57.185583" elapsed="0.002916"/>
</kw>
<status status="PASS" start="2024-09-19T09:40:57.184128" elapsed="0.004371"/>
</test>
<test id="s1-s1-t2" name="Test Greet User With Name" line="8">
<kw name="Greet User">
<kw name="Log" owner="BuiltIn">
<msg time="2024-09-19T09:40:57.190449" level="INFO">Hello, John</msg>
<arg>Hello, ${name}</arg>
<doc>Logs the given message with the given level.</doc>
<status status="PASS" start="2024-09-19T09:40:57.189473" elapsed="0.000976"/>
</kw>
<arg>John</arg>
<status status="PASS" start="2024-09-19T09:40:57.189473" elapsed="0.000976"/>
</kw>
<status status="PASS" start="2024-09-19T09:40:57.188499" elapsed="0.001950"/>
</test>
<status status="PASS" start="2024-09-19T09:40:56.893276" elapsed="0.298149"/>
</suite>
<status status="PASS" start="2024-09-19T09:40:56.870318" elapsed="0.321107"/>
</suite>
<statistics>
<total>
<stat pass="2" fail="0" skip="0">All Tests</stat>
</total>
<tag>
</tag>
<suite>
<stat pass="2" fail="0" skip="0" id="s1" name="Assignment">Assignment</stat>
<stat pass="2" fail="0" skip="0" id="s1-s1" name="Assignment4">Assignment.Assignment4</stat>
</suite>
</statistics>
<errors>
<msg time="2024-09-19T09:40:56.848847" level="WARN">Error in file 'E:\Assignment\Assignment9.robot' on line 13: The '[Return]' setting is deprecated. Use the 'RETURN' statement instead.</msg>
</errors>
</robot>
