<?xml version="1.0" encoding="UTF-8"?>
<robot generator="Robot 7.1 (Python 3.10.4 on win32)" generated="2024-09-19T09:40:53.045112" rpa="false" schemaversion="5">
<suite id="s1" name="Assignment" source="E:\Assignment">
<suite id="s1-s1" name="Assignment19" source="E:\Assignment\Assignment19.robot">
<test id="s1-s1-t1" name="Test Case With Teardown" line="6">
<kw name="Log To Console" owner="BuiltIn">
<arg>Running the test</arg>
<doc>Logs the given message to the console.</doc>
<status status="PASS" start="2024-09-19T09:40:53.383717" elapsed="0.000975"/>
</kw>
<kw name="Log To Console" owner="BuiltIn" type="TEARDOWN">
<arg>Test Case Teardown is running</arg>
<doc>Logs the given message to the console.</doc>
<status status="PASS" start="2024-09-19T09:40:53.384692" elapsed="0.000975"/>
</kw>
<status status="PASS" start="2024-09-19T09:40:53.382739" elapsed="0.003905"/>
</test>
<kw name="Log To Console" owner="BuiltIn" type="TEARDOWN">
<arg>Suite Teardown is running</arg>
<doc>Logs the given message to the console.</doc>
<status status="PASS" start="2024-09-19T09:40:53.387619" elapsed="0.000000"/>
</kw>
<status status="PASS" start="2024-09-19T09:40:53.087080" elapsed="0.300539"/>
</suite>
<status status="PASS" start="2024-09-19T09:40:53.060729" elapsed="0.327867"/>
</suite>
<statistics>
<total>
<stat pass="1" fail="0" skip="0">All Tests</stat>
</total>
<tag>
</tag>
<suite>
<stat pass="1" fail="0" skip="0" id="s1" name="Assignment">Assignment</stat>
<stat pass="1" fail="0" skip="0" id="s1-s1" name="Assignment19">Assignment.Assignment19</stat>
</suite>
</statistics>
<errors>
<msg time="2024-09-19T09:40:53.039256" level="WARN">Error in file 'E:\Assignment\Assignment9.robot' on line 13: The '[Return]' setting is deprecated. Use the 'RETURN' statement instead.</msg>
</errors>
</robot>
