<?xml version="1.0" encoding="UTF-8"?>
<robot generator="Robot 7.1 (Python 3.10.4 on win32)" generated="2024-09-19T09:40:58.853552" rpa="false" schemaversion="5">
<suite id="s1" name="Assignment" source="E:\Assignment">
<suite id="s1-s1" name="Assignment9" source="E:\Assignment\Assignment9.robot">
<test id="s1-s1-t1" name="Calculate Square Test Case" line="5">
<kw name="Calculate Square">
<kw name="Evaluate" owner="BuiltIn">
<msg time="2024-09-19T09:40:59.130738" level="INFO">${result} = 16</msg>
<var>${result}</var>
<arg>int(${number} * ${number})</arg>
<doc>Evaluates the given expression in Python and returns the result.</doc>
<status status="PASS" start="2024-09-19T09:40:59.129763" elapsed="0.000975"/>
</kw>
<return>
<value>${result}</value>
<status status="PASS" start="2024-09-19T09:40:59.130738" elapsed="0.000975"/>
</return>
<msg time="2024-09-19T09:40:59.131713" level="INFO">${square} = 16</msg>
<var>${square}</var>
<arg>4</arg>
<status status="PASS" start="2024-09-19T09:40:59.126834" elapsed="0.004879"/>
</kw>
<kw name="Should Be Equal As Numbers" owner="BuiltIn">
<msg time="2024-09-19T09:40:59.131713" level="INFO">Argument types are:
&lt;class 'int'&gt;
&lt;class 'str'&gt;</msg>
<arg>${square}</arg>
<arg>16</arg>
<doc>Fails if objects are unequal after converting them to real numbers.</doc>
<status status="PASS" start="2024-09-19T09:40:59.131713" elapsed="0.000000"/>
</kw>
<status status="PASS" start="2024-09-19T09:40:59.125858" elapsed="0.006830"/>
</test>
<status status="PASS" start="2024-09-19T09:40:58.881857" elapsed="0.250831"/>
</suite>
<status status="PASS" start="2024-09-19T09:40:58.865276" elapsed="0.268388"/>
</suite>
<statistics>
<total>
<stat pass="1" fail="0" skip="0">All Tests</stat>
</total>
<tag>
</tag>
<suite>
<stat pass="1" fail="0" skip="0" id="s1" name="Assignment">Assignment</stat>
<stat pass="1" fail="0" skip="0" id="s1-s1" name="Assignment9">Assignment.Assignment9</stat>
</suite>
</statistics>
<errors>
<msg time="2024-09-19T09:40:58.847734" level="WARN">Error in file 'E:\Assignment\Assignment9.robot' on line 13: The '[Return]' setting is deprecated. Use the 'RETURN' statement instead.</msg>
</errors>
</robot>
