<?xml version="1.0" encoding="UTF-8"?>
<robot generator="Robot 7.1 (Python 3.10.4 on win32)" generated="2024-09-19T09:40:56.834210" rpa="false" schemaversion="5">
<suite id="s1" name="Assignment" source="E:\Assignment">
<suite id="s1-s1" name="Assignment3" source="E:\Assignment\Assignment3.robot">
<test id="s1-s1-t1" name="Print User Info Test Case" line="8">
<kw name="Print User Info">
<kw name="Log" owner="BuiltIn">
<msg time="2024-09-19T09:40:57.171437" level="INFO">Name: KALENDARIA</msg>
<arg>Name: ${user_info["name"]}</arg>
<doc>Logs the given message with the given level.</doc>
<status status="PASS" start="2024-09-19T09:40:57.170462" elapsed="0.000975"/>
</kw>
<kw name="Log" owner="BuiltIn">
<msg time="2024-09-19T09:40:57.171437" level="INFO">Age: 0</msg>
<arg>Age: ${user_info["age"]}</arg>
<doc>Logs the given message with the given level.</doc>
<status status="PASS" start="2024-09-19T09:40:57.171437" elapsed="0.000976"/>
</kw>
<kw name="Log" owner="BuiltIn">
<msg time="2024-09-19T09:40:57.172413" level="INFO">City: ENG</msg>
<arg>City: ${user_info["city"]}</arg>
<doc>Logs the given message with the given level.</doc>
<status status="PASS" start="2024-09-19T09:40:57.172413" elapsed="0.000000"/>
</kw>
<arg>&amp;{user_info}</arg>
<status status="PASS" start="2024-09-19T09:40:57.169486" elapsed="0.002927"/>
</kw>
<status status="PASS" start="2024-09-19T09:40:57.168510" elapsed="0.004879"/>
</test>
<status status="PASS" start="2024-09-19T09:40:56.871294" elapsed="0.302095"/>
</suite>
<status status="PASS" start="2024-09-19T09:40:56.848847" elapsed="0.325518"/>
</suite>
<statistics>
<total>
<stat pass="1" fail="0" skip="0">All Tests</stat>
</total>
<tag>
</tag>
<suite>
<stat pass="1" fail="0" skip="0" id="s1" name="Assignment">Assignment</stat>
<stat pass="1" fail="0" skip="0" id="s1-s1" name="Assignment3">Assignment.Assignment3</stat>
</suite>
</statistics>
<errors>
<msg time="2024-09-19T09:40:56.824446" level="WARN">Error in file 'E:\Assignment\Assignment9.robot' on line 13: The '[Return]' setting is deprecated. Use the 'RETURN' statement instead.</msg>
</errors>
</robot>
