<?xml version="1.0" encoding="UTF-8"?>
<robot generator="Robot 7.1 (Python 3.10.4 on win32)" generated="2024-09-19T09:40:57.907809" rpa="false" schemaversion="5">
<suite id="s1" name="Assignment" source="E:\Assignment">
<suite id="s1-s1" name="Assignment6" source="E:\Assignment\Assignment6.robot">
<test id="s1-s1-t1" name="Global Variable" line="5">
<kw name="Set Global Variable" owner="BuiltIn">
<msg time="2024-09-19T09:40:58.213299" level="INFO">${GLOBAL_VAR} = "Global Value"</msg>
<arg>${GLOBAL_VAR}</arg>
<arg>"Global Value"</arg>
<doc>Makes a variable available globally in all tests and suites.</doc>
<status status="PASS" start="2024-09-19T09:40:58.212322" elapsed="0.000977"/>
</kw>
<status status="PASS" start="2024-09-19T09:40:58.210371" elapsed="0.002928"/>
</test>
<status status="PASS" start="2024-09-19T09:40:57.942945" elapsed="0.271329"/>
</suite>
<status status="PASS" start="2024-09-19T09:40:57.921474" elapsed="0.293777"/>
</suite>
<statistics>
<total>
<stat pass="1" fail="0" skip="0">All Tests</stat>
</total>
<tag>
</tag>
<suite>
<stat pass="1" fail="0" skip="0" id="s1" name="Assignment">Assignment</stat>
<stat pass="1" fail="0" skip="0" id="s1-s1" name="Assignment6">Assignment.Assignment6</stat>
</suite>
</statistics>
<errors>
<msg time="2024-09-19T09:40:57.900001" level="WARN">Error in file 'E:\Assignment\Assignment9.robot' on line 13: The '[Return]' setting is deprecated. Use the 'RETURN' statement instead.</msg>
</errors>
</robot>
